# JRE version: OpenJDK Runtime Environment (21.0.6) (build 21.0.6+-13368085-b895.109)
# Java VM: OpenJDK 64-Bit Server VM (21.0.6+-13368085-b895.109, mixed mode, tiered, compressed oops, compressed class ptrs, g1 gc, windows-amd64)
GC Precious Log:
 CardTable entry size: 512
 Card Set container configuration: InlinePtr #cards 5 size 8 Array Of Cards #cards 12 size 40 Howl #buckets 4 coarsen threshold 1843 Howl Bitmap #cards 512 size 80 coarsen threshold 460 Card regions per heap region 1 cards per card region 2048
 CPUs: 12 total, 12 available
 Memory: 16091M
 Large Page Support: Disabled
 NUMA Support: Disabled
 Compressed Oops: Enabled (32-bit)
 Heap Region Size: 1M
 Heap Min Capacity: 8M
 Heap Initial Capacity: 252M
 Heap Max Capacity: 2G
 Pre-touch: Disabled
 Parallel Workers: 10
 Concurrent Workers: 3
 Concurrent Refinement Workers: 10
 Periodic GC: Disabled
Heap:
 garbage-first heap   total 186368K, used 153830K [0x0000000080000000, 0x0000000100000000)
  region size 1024K, 48 young (49152K), 8 survivors (8192K)
 Metaspace       used 114308K, committed 116544K, reserved 1179648K
  class space    used 15678K, committed 16832K, reserved 1048576K
GC Heap History (20 events):
Event: 25.151 GC heap before
{Heap before GC invocations=37 (full 0):
 garbage-first heap   total 145408K, used 132086K [0x0000000080000000, 0x0000000100000000)
  region size 1024K, 46 young (47104K), 6 survivors (6144K)
 Metaspace       used 91489K, committed 93440K, reserved 1179648K
  class space    used 12292K, committed 13248K, reserved 1048576K
}
Event: 25.155 GC heap after
{Heap after GC invocations=38 (full 0):
 garbage-first heap   total 145408K, used 91953K [0x0000000080000000, 0x0000000100000000)
  region size 1024K, 3 young (3072K), 3 survivors (3072K)
 Metaspace       used 91489K, committed 93440K, reserved 1179648K
  class space    used 12292K, committed 13248K, reserved 1048576K
}
Event: 25.913 GC heap before
{Heap before GC invocations=38 (full 0):
 garbage-first heap   total 145408K, used 132913K [0x0000000080000000, 0x0000000100000000)
  region size 1024K, 43 young (44032K), 3 survivors (3072K)
 Metaspace       used 94785K, committed 96768K, reserved 1179648K
  class space    used 12885K, committed 13888K, reserved 1048576K
}
Event: 25.916 GC heap after
{Heap after GC invocations=39 (full 0):
 garbage-first heap   total 145408K, used 92548K [0x0000000080000000, 0x0000000100000000)
  region size 1024K, 4 young (4096K), 4 survivors (4096K)
 Metaspace       used 94785K, committed 96768K, reserved 1179648K
  class space    used 12885K, committed 13888K, reserved 1048576K
}
Event: 26.551 GC heap before
{Heap before GC invocations=40 (full 0):
 garbage-first heap   total 157696K, used 130436K [0x0000000080000000, 0x0000000100000000)
  region size 1024K, 41 young (41984K), 4 survivors (4096K)
 Metaspace       used 97432K, committed 99520K, reserved 1179648K
  class space    used 13306K, committed 14336K, reserved 1048576K
}
Event: 26.553 GC heap after
{Heap after GC invocations=41 (full 0):
 garbage-first heap   total 157696K, used 94217K [0x0000000080000000, 0x0000000100000000)
  region size 1024K, 5 young (5120K), 5 survivors (5120K)
 Metaspace       used 97432K, committed 99520K, reserved 1179648K
  class space    used 13306K, committed 14336K, reserved 1048576K
}
Event: 27.349 GC heap before
{Heap before GC invocations=41 (full 0):
 garbage-first heap   total 157696K, used 142345K [0x0000000080000000, 0x0000000100000000)
  region size 1024K, 52 young (53248K), 5 survivors (5120K)
 Metaspace       used 100959K, committed 103040K, reserved 1179648K
  class space    used 13820K, committed 14848K, reserved 1048576K
}
Event: 27.355 GC heap after
{Heap after GC invocations=42 (full 0):
 garbage-first heap   total 157696K, used 96269K [0x0000000080000000, 0x0000000100000000)
  region size 1024K, 7 young (7168K), 7 survivors (7168K)
 Metaspace       used 100959K, committed 103040K, reserved 1179648K
  class space    used 13820K, committed 14848K, reserved 1048576K
}
Event: 28.223 GC heap before
{Heap before GC invocations=42 (full 0):
 garbage-first heap   total 157696K, used 140301K [0x0000000080000000, 0x0000000100000000)
  region size 1024K, 50 young (51200K), 7 survivors (7168K)
 Metaspace       used 105157K, committed 107264K, reserved 1179648K
  class space    used 14422K, committed 15488K, reserved 1048576K
}
Event: 28.229 GC heap after
{Heap after GC invocations=43 (full 0):
 garbage-first heap   total 157696K, used 97917K [0x0000000080000000, 0x0000000100000000)
  region size 1024K, 6 young (6144K), 6 survivors (6144K)
 Metaspace       used 105157K, committed 107264K, reserved 1179648K
  class space    used 14422K, committed 15488K, reserved 1048576K
}
Event: 28.986 GC heap before
{Heap before GC invocations=44 (full 0):
 garbage-first heap   total 165888K, used 140925K [0x0000000080000000, 0x0000000100000000)
  region size 1024K, 48 young (49152K), 6 survivors (6144K)
 Metaspace       used 107643K, committed 109760K, reserved 1179648K
  class space    used 14751K, committed 15808K, reserved 1048576K
}
Event: 28.996 GC heap after
{Heap after GC invocations=45 (full 0):
 garbage-first heap   total 165888K, used 101631K [0x0000000080000000, 0x0000000100000000)
  region size 1024K, 6 young (6144K), 6 survivors (6144K)
 Metaspace       used 107643K, committed 109760K, reserved 1179648K
  class space    used 14751K, committed 15808K, reserved 1048576K
}
Event: 29.878 GC heap before
{Heap before GC invocations=45 (full 0):
 garbage-first heap   total 165888K, used 148735K [0x0000000080000000, 0x0000000100000000)
  region size 1024K, 53 young (54272K), 6 survivors (6144K)
 Metaspace       used 110089K, committed 112256K, reserved 1179648K
  class space    used 15098K, committed 16192K, reserved 1048576K
}
Event: 29.885 GC heap after
{Heap after GC invocations=46 (full 0):
 garbage-first heap   total 165888K, used 107253K [0x0000000080000000, 0x0000000100000000)
  region size 1024K, 7 young (7168K), 7 survivors (7168K)
 Metaspace       used 110089K, committed 112256K, reserved 1179648K
  class space    used 15098K, committed 16192K, reserved 1048576K
}
Event: 30.156 GC heap before
{Heap before GC invocations=46 (full 0):
 garbage-first heap   total 165888K, used 148213K [0x0000000080000000, 0x0000000100000000)
  region size 1024K, 48 young (49152K), 7 survivors (7168K)
 Metaspace       used 110454K, committed 112640K, reserved 1179648K
  class space    used 15173K, committed 16256K, reserved 1048576K
}
Event: 30.162 GC heap after
{Heap after GC invocations=47 (full 0):
 garbage-first heap   total 165888K, used 110323K [0x0000000080000000, 0x0000000100000000)
  region size 1024K, 5 young (5120K), 5 survivors (5120K)
 Metaspace       used 110454K, committed 112640K, reserved 1179648K
  class space    used 15173K, committed 16256K, reserved 1048576K
}
Event: 30.499 GC heap before
{Heap before GC invocations=48 (full 0):
 garbage-first heap   total 186368K, used 148211K [0x0000000080000000, 0x0000000100000000)
  region size 1024K, 43 young (44032K), 5 survivors (5120K)
 Metaspace       used 110711K, committed 112832K, reserved 1179648K
  class space    used 15209K, committed 16256K, reserved 1048576K
}
Event: 30.504 GC heap after
{Heap after GC invocations=49 (full 0):
 garbage-first heap   total 186368K, used 112218K [0x0000000080000000, 0x0000000100000000)
  region size 1024K, 5 young (5120K), 5 survivors (5120K)
 Metaspace       used 110711K, committed 112832K, reserved 1179648K
  class space    used 15209K, committed 16256K, reserved 1048576K
}
Event: 32.527 GC heap before
{Heap before GC invocations=49 (full 0):
 garbage-first heap   total 186368K, used 168538K [0x0000000080000000, 0x0000000100000000)
  region size 1024K, 61 young (62464K), 5 survivors (5120K)
 Metaspace       used 113355K, committed 115520K, reserved 1179648K
  class space    used 15528K, committed 16576K, reserved 1048576K
}
Event: 32.535 GC heap after
{Heap after GC invocations=50 (full 0):
 garbage-first heap   total 186368K, used 114918K [0x0000000080000000, 0x0000000100000000)
  region size 1024K, 8 young (8192K), 8 survivors (8192K)
 Metaspace       used 113355K, committed 115520K, reserved 1179648K
  class space    used 15528K, committed 16576K, reserved 1048576K
}

